<?xml version="1.0" encoding="UTF-8"?>
<!-- Generated by org.testng.reporters.JUnitXMLReporter -->
<testsuite ignored="12" hostname="DESKTOP-76QMJOV" failures="0" tests="33" name="Regression Test" time="154.222" errors="0" timestamp="2022-12-03T12:14:43 EET">
  <testcase classname="tests.ContactUsTest" name="UserCanContactUs" time="3.485"/>
  <testcase classname="tests.UserRegisterationTestWithJAVAFaker" name="usercanregistersuccessfully" time="4.853"/>
  <testcase classname="tests.ProudctHoverMenueTest" name="UserCanSelectSubcategoryFromMenue" time="0.844"/>
  <testcase classname="tests.SearchProudctTest" name="usercansearchforaproduct" time="2.997"/>
  <testcase classname="tests.AddProudctToShoppingCartTest" name="UserCanSearchForProduct" time="1.921"/>
  <testcase classname="tests.AddProudctToShoppingCartTest" name="UserCanAddProductToShoppingCart" time="1.634"/>
  <testcase classname="tests.AddProudctToShoppingCartTest" name="UserCanUpdateQuntityinCart" time="0.666"/>
  <testcase classname="tests.AddProudctToShoppingCartTest" name="UserCanRemoveProductFromCart" time="1.012"/>
  <testcase classname="tests.AddProuductToWishListTest" name="usercansearchforaproduct" time="1.942"/>
  <testcase classname="tests.AddProuductToWishListTest" name="usercanAddproudctToWishList" time="0.639"/>
  <testcase classname="tests.AddProuductToWishListTest" name="UserCanRemoveProudctFromWishList" time="0.413"/>
  <testcase classname="tests.ChangeCurrencyTest" name="usercansearchforaproduct" time="1.267"/>
  <testcase classname="tests.ChangeCurrencyTest" name="usercanchangecurrency" time="1.136"/>
  <testcase classname="tests.AddProudctToCompareTest" name="UserCanComparePrducts" time="9.248"/>
  <testcase classname="tests.AddProudctToCompareTest" name="UserCanClearCompareList" time="0.994"/>
  <testcase classname="tests.EmailFriendTest" name="usercanregistersuccessfully" time="2.39"/>
  <testcase classname="tests.EmailFriendTest" name="usercansearchforaproduct" time="2.14"/>
  <testcase classname="tests.EmailFriendTest" name="RegisteredUserCanSendproudcetToFriend" time="2.712"/>
  <testcase classname="tests.EmailFriendTest" name="registeredUserCanLogout" time="0.701"/>
  <testcase classname="tests.ProductReviewTest" name="usercanregistersuccessfully" time="1.618"/>
  <testcase classname="tests.ProductReviewTest" name="registeredUserCanLogout" time="0.701"/>
  <testcase classname="tests.ProductReviewTest" name="RegisteredUserCanLogin" time="1.535"/>
  <testcase classname="tests.ProductReviewTest" name="usercansearchforaproduct" time="3.558"/>
  <testcase classname="tests.ProductReviewTest" name="RegisteredUserCanAddReviewForProudct" time="0.703"/>
  <testcase classname="tests.MyAccountTest" name="usercanregistersuccessfully" time="75.812"/>
  <testcase classname="tests.MyAccountTest" name="registeredusercanchangepassword" time="2.022"/>
  <testcase classname="tests.MyAccountTest" name="registeredUserCanLogout" time="1.809"/>
  <testcase classname="tests.MyAccountTest" name="RegisteredUserCanLogin" time="1.336"/>
  <testcase classname="tests.RegisteredUserCheckOutProductTest" name="usercanregistersuccessfully" time="9.302"/>
  <testcase classname="tests.RegisteredUserCheckOutProductTest" name="UserCanSearchWithAutoSuggest" time="2.352"/>
  <testcase classname="tests.RegisteredUserCheckOutProductTest" name="UserCanAddProductToShoppingCart" time="1.496"/>
  <testcase classname="tests.RegisteredUserCheckOutProductTest" name="ResiteredUserCanCheckOutProduct" time="7.884"/>
  <testcase classname="tests.SearchProductUsingAutoSuggest" name="UserCanSearchWithAutoSuggest" time="2.568"/>
  <testcase classname="tests.TestBase" name="@BeforeSuite startDriver" time="0.0">
    <ignored/>
  </testcase> <!-- @BeforeSuite startDriver -->
  <testcase classname="tests.TestBase" name="@BeforeSuite startDriver" time="0.0">
    <ignored/>
  </testcase> <!-- @BeforeSuite startDriver -->
  <testcase classname="tests.TestBase" name="@BeforeSuite startDriver" time="0.0">
    <ignored/>
  </testcase> <!-- @BeforeSuite startDriver -->
  <testcase classname="tests.TestBase" name="@BeforeSuite startDriver" time="0.0">
    <ignored/>
  </testcase> <!-- @BeforeSuite startDriver -->
  <testcase classname="tests.TestBase" name="@BeforeSuite startDriver" time="0.0">
    <ignored/>
  </testcase> <!-- @BeforeSuite startDriver -->
  <testcase classname="tests.TestBase" name="@BeforeSuite startDriver" time="0.0">
    <ignored/>
  </testcase> <!-- @BeforeSuite startDriver -->
  <testcase classname="tests.TestBase" name="@BeforeSuite startDriver" time="0.0">
    <ignored/>
  </testcase> <!-- @BeforeSuite startDriver -->
  <testcase classname="tests.TestBase" name="@BeforeSuite startDriver" time="0.0">
    <ignored/>
  </testcase> <!-- @BeforeSuite startDriver -->
  <testcase classname="tests.TestBase" name="@BeforeSuite startDriver" time="0.0">
    <ignored/>
  </testcase> <!-- @BeforeSuite startDriver -->
  <testcase classname="tests.TestBase" name="@BeforeSuite startDriver" time="0.0">
    <ignored/>
  </testcase> <!-- @BeforeSuite startDriver -->
  <testcase classname="tests.TestBase" name="@BeforeSuite startDriver" time="0.0">
    <ignored/>
  </testcase> <!-- @BeforeSuite startDriver -->
  <testcase classname="tests.TestBase" name="@BeforeSuite startDriver" time="0.0">
    <ignored/>
  </testcase> <!-- @BeforeSuite startDriver -->
</testsuite> <!-- Regression Test -->
