<?xml version="1.0" encoding="UTF-8"?>
<testng-results ignored="0" total="1" passed="1" failed="0" skipped="0">
  <reporter-output>
  </reporter-output>
  <suite started-at="2022-11-28T14:00:48 EET" name="nopcommerce regression suite" finished-at="2022-11-28T14:00:51 EET" duration-ms="2424">
    <groups>
      <group name="cucumber">
        <method signature="AbstractTestNGCucumberTests.runScenario(io.cucumber.testng.PickleWrapper,io.cucumber.testng.FeatureWrapper)[pri:0, instance:tests.ContactUsTest@c730b35]" name="runScenario" class="io.cucumber.testng.AbstractTestNGCucumberTests"/>
      </group> <!-- cucumber -->
    </groups>
    <test started-at="2022-11-28T14:00:48 EET" name="Regression Test" finished-at="2022-11-28T14:00:51 EET" duration-ms="2424">
      <class name="tests.ContactUsTest">
        <test-method is-config="true" signature="startDriver(java.lang.String)[pri:0, instance:tests.ContactUsTest@c730b35]" started-at="2022-11-28T14:00:41 EET" name="startDriver" finished-at="2022-11-28T14:00:48 EET" duration-ms="6834" status="PASS">
          <params>
            <param index="0">
              <value>
                <![CDATA[chrome-headless]]>
              </value>
            </param>
          </params>
          <reporter-output>
          </reporter-output>
        </test-method> <!-- startDriver -->
        <test-method is-config="true" signature="setUpClass(org.testng.ITestContext)[pri:0, instance:tests.ContactUsTest@c730b35]" started-at="2022-11-28T14:00:48 EET" name="setUpClass" finished-at="2022-11-28T14:00:48 EET" duration-ms="149" status="PASS">
          <params>
            <param index="0">
              <value>
                <![CDATA[org.testng.TestRunner@7aa9e414]]>
              </value>
            </param>
          </params>
          <reporter-output>
          </reporter-output>
        </test-method> <!-- setUpClass -->
        <test-method signature="UserCanContactUs()[pri:0, instance:tests.ContactUsTest@c730b35]" started-at="2022-11-28T14:00:48 EET" name="UserCanContactUs" finished-at="2022-11-28T14:00:51 EET" duration-ms="2225" status="PASS">
          <reporter-output>
          </reporter-output>
        </test-method> <!-- UserCanContactUs -->
        <test-method is-config="true" signature="screenshotOnFailuer(org.testng.ITestResult)[pri:0, instance:tests.ContactUsTest@c730b35]" started-at="2022-11-28T14:00:51 EET" name="screenshotOnFailuer" finished-at="2022-11-28T14:00:51 EET" duration-ms="0" status="PASS">
          <params>
            <param index="0">
              <value>
                <![CDATA[[TestResult name=UserCanContactUs status=SUCCESS method=ContactUsTest.UserCanContactUs()[pri:0, instance:tests.ContactUsTest@c730b35] output={null}]]]>
              </value>
            </param>
          </params>
          <reporter-output>
          </reporter-output>
        </test-method> <!-- screenshotOnFailuer -->
        <test-method is-config="true" signature="tearDownClass()[pri:0, instance:tests.ContactUsTest@c730b35]" started-at="2022-11-28T14:00:51 EET" name="tearDownClass" finished-at="2022-11-28T14:00:51 EET" duration-ms="5" status="PASS">
          <reporter-output>
          </reporter-output>
        </test-method> <!-- tearDownClass -->
      </class> <!-- tests.ContactUsTest -->
    </test> <!-- Regression Test -->
  </suite> <!-- nopcommerce regression suite -->
</testng-results>
